This is pdfTeX, Version 3.141592653-2.6-1.40.27 (TeX Live 2026/dev/Arch Linux) (preloaded format=pdflatex 2025.8.24)  24 OCT 2025 15:58
entering extended mode
 restricted \write18 enabled.
 file:line:error style messages enabled.
 %&-line parsing enabled.
**"/home/pieterteb/Onedrive/programming/Monad Maniacs/team_reference_document/main.tex"
(/home/pieterteb/Onedrive/programming/Monad Maniacs/team_reference_document/main.tex
LaTeX2e <2024-11-01> patch level 2
L3 programming layer <2025-01-18>
(/usr/share/texmf-dist/tex/latex/base/article.cls
Document Class: article 2024/06/29 v1.4n Standard LaTeX document class
(/usr/share/texmf-dist/tex/latex/base/size10.clo
File: size10.clo 2024/06/29 v1.4n Standard LaTeX file (size option)
)
\c@part=\count196
\c@section=\count197
\c@subsection=\count198
\c@subsubsection=\count199
\c@paragraph=\count266
\c@subparagraph=\count267
\c@figure=\count268
\c@table=\count269
\abovecaptionskip=\skip49
\belowcaptionskip=\skip50
\bibindent=\dimen141
) (/usr/share/texmf-dist/tex/latex/geometry/geometry.sty
Package: geometry 2020/01/02 v5.9 Page Geometry
 (/usr/share/texmf-dist/tex/latex/graphics/keyval.sty
Package: keyval 2022/05/29 v1.15 key=value parser (DPC)
\KV@toks@=\toks17
) (/usr/share/texmf-dist/tex/generic/iftex/ifvtex.sty
Package: ifvtex 2019/10/25 v1.7 ifvtex legacy package. Use iftex instead.
 (/usr/share/texmf-dist/tex/generic/iftex/iftex.sty
Package: iftex 2024/12/12 v1.0g TeX engine tests
))
\Gm@cnth=\count270
\Gm@cntv=\count271
\c@Gm@tempcnt=\count272
\Gm@bindingoffset=\dimen142
\Gm@wd@mp=\dimen143
\Gm@odd@mp=\dimen144
\Gm@even@mp=\dimen145
\Gm@layoutwidth=\dimen146
\Gm@layoutheight=\dimen147
\Gm@layouthoffset=\dimen148
\Gm@layoutvoffset=\dimen149
\Gm@dimlist=\toks18
) (/usr/share/texmf-dist/tex/latex/fancyhdr/fancyhdr.sty
Package: fancyhdr 2025/02/07 v5.2 Extensive control of page headers and footers
\f@nch@headwidth=\skip51
\f@nch@offset@elh=\skip52
\f@nch@offset@erh=\skip53
\f@nch@offset@olh=\skip54
\f@nch@offset@orh=\skip55
\f@nch@offset@elf=\skip56
\f@nch@offset@erf=\skip57
\f@nch@offset@olf=\skip58
\f@nch@offset@orf=\skip59
\f@nch@height=\skip60
\f@nch@footalignment=\skip61
\f@nch@widthL=\skip62
\f@nch@widthC=\skip63
\f@nch@widthR=\skip64
\@temptokenb=\toks19
) (/usr/share/texmf-dist/tex/latex/graphics/graphicx.sty
Package: graphicx 2021/09/16 v1.2d Enhanced LaTeX Graphics (DPC,SPQR)
 (/usr/share/texmf-dist/tex/latex/graphics/graphics.sty
Package: graphics 2024/08/06 v1.4g Standard LaTeX Graphics (DPC,SPQR)
 (/usr/share/texmf-dist/tex/latex/graphics/trig.sty
Package: trig 2023/12/02 v1.11 sin cos tan (DPC)
) (/usr/share/texmf-dist/tex/latex/graphics-cfg/graphics.cfg
File: graphics.cfg 2016/06/04 v1.11 sample graphics configuration
)
Package graphics Info: Driver file: pdftex.def on input line 106.
 (/usr/share/texmf-dist/tex/latex/graphics-def/pdftex.def
File: pdftex.def 2024/04/13 v1.2c Graphics/color driver for pdftex
))
\Gin@req@height=\dimen150
\Gin@req@width=\dimen151
) (/usr/share/texmf-dist/tex/latex/minted/minted.sty
Package: minted 2025/03/06 v3.6.0 Yet another Pygments shim for LaTeX
 (/usr/share/texmf-dist/tex/generic/catchfile/catchfile.sty
Package: catchfile 2019/12/09 v1.8 Catch the contents of a file (HO)
 (/usr/share/texmf-dist/tex/generic/infwarerr/infwarerr.sty
Package: infwarerr 2019/12/03 v1.5 Providing info/warning/error messages (HO)
) (/usr/share/texmf-dist/tex/generic/ltxcmds/ltxcmds.sty
Package: ltxcmds 2023-12-04 v1.26 LaTeX kernel commands for general use (HO)
) (/usr/share/texmf-dist/tex/generic/etexcmds/etexcmds.sty
Package: etexcmds 2019/12/15 v1.7 Avoid name clashes with e-TeX commands (HO)
)) (/usr/share/texmf-dist/tex/latex/etoolbox/etoolbox.sty
Package: etoolbox 2025/02/11 v2.5l e-TeX tools for LaTeX (JAW)
\etb@tempcnta=\count273
) (/usr/share/texmf-dist/tex/latex/fvextra/fvextra.sty
Package: fvextra 2025/03/04 v1.12.0 fvextra - extensions and patches for fancyvrb
 (/usr/share/texmf-dist/tex/latex/fancyvrb/fancyvrb.sty
Package: fancyvrb 2024/01/20 4.5c verbatim text (tvz,hv)
\FV@CodeLineNo=\count274
\FV@InFile=\read2
\FV@TabBox=\box52
\c@FancyVerbLine=\count275
\FV@StepNumber=\count276
\FV@OutFile=\write3
) (/usr/share/texmf-dist/tex/generic/pdftexcmds/pdftexcmds.sty
Package: pdftexcmds 2020-06-27 v0.33 Utility functions of pdfTeX for LuaTeX (HO)
Package pdftexcmds Info: \pdf@primitive is available.
Package pdftexcmds Info: \pdf@ifprimitive is available.
Package pdftexcmds Info: \pdfdraftmode found.
) (/usr/share/texmf-dist/tex/latex/upquote/upquote.sty
Package: upquote 2012/04/19 v1.3 upright-quote and grave-accent glyphs in verbatim
) (/usr/share/texmf-dist/tex/latex/lineno/lineno.sty
Package: lineno 2025/01/29 line numbers on paragraphs v5.4
 (/usr/share/texmf-dist/tex/latex/kvoptions/kvoptions.sty
Package: kvoptions 2022-06-15 v3.15 Key value format for package options (HO)
 (/usr/share/texmf-dist/tex/latex/kvsetkeys/kvsetkeys.sty
Package: kvsetkeys 2022-10-05 v1.19 Key value parser (HO)
))
\linenopenalty=\count277
\output=\toks20
\linenoprevgraf=\count278
\linenumbersep=\dimen152
\linenumberwidth=\dimen153
\c@linenumber=\count279
\c@pagewiselinenumber=\count280
\c@LN@truepage=\count281
\c@internallinenumber=\count282
\c@internallinenumbers=\count283
\quotelinenumbersep=\dimen154
\bframerule=\dimen155
\bframesep=\dimen156
\bframebox=\box53
LaTeX Info: Redefining \\ on input line 3187.
)
\c@FancyVerbWriteLine=\count284
\c@FancyVerbBufferLine=\count285
\c@FV@TrueTabGroupLevel=\count286
\c@FV@TrueTabCounter=\count287
\FV@TabBox@Group=\box54
\FV@bgcolorstructbox=\box55
\FV@TmpLength=\skip65
\c@FV@HighlightLinesStart=\count288
\c@FV@HighlightLinesStop=\count289
\FV@LoopCount=\count290
\FV@NCharsBox=\box56
\FV@BreakIndent=\dimen157
\FV@BreakIndentNChars=\count291
\FV@BreakSymbolSepLeft=\dimen158
\FV@BreakSymbolSepLeftNChars=\count292
\FV@BreakSymbolSepRight=\dimen159
\FV@BreakSymbolSepRightNChars=\count293
\FV@BreakSymbolIndentLeft=\dimen160
\FV@BreakSymbolIndentLeftNChars=\count294
\FV@BreakSymbolIndentRight=\dimen161
\FV@BreakSymbolIndentRightNChars=\count295
\c@FancyVerbLineBreakLast=\count296
\FV@LineBox=\box57
\FV@LineIndentBox=\box58
\c@FV@BreakBufferDepth=\count297
\FV@LineWidth=\dimen162
) (/usr/share/texmf-dist/tex/latex/latex2pydata/latex2pydata.sty
Package: latex2pydata 2025/03/03 v0.5.0 latex2pydata - write data to file in Python literal format
) (/usr/share/texmf-dist/tex/latex/pgf/utilities/pgfkeys.sty (/usr/share/texmf-dist/tex/generic/pgf/utilities/pgfkeys.code.tex
\pgfkeys@pathtoks=\toks21
\pgfkeys@temptoks=\toks22
 (/usr/share/texmf-dist/tex/generic/pgf/utilities/pgfkeyslibraryfiltered.code.tex
\pgfkeys@tmptoks=\toks23
))) (/usr/share/texmf-dist/tex/latex/pgfopts/pgfopts.sty
Package: pgfopts 2014/07/10 v2.1a LaTeX package options with pgfkeys
\pgfopts@list@add@a@toks=\toks24
\pgfopts@list@add@b@toks=\toks25
) (/usr/share/texmf-dist/tex/latex/tools/shellesc.sty
Package: shellesc 2023/07/08 v1.0d unified shell escape interface for LaTeX
Package shellesc Info: Restricted shell escape enabled on input line 77.
) (/usr/share/texmf-dist/tex/latex/float/float.sty
Package: float 2001/11/08 v1.3d Float enhancements (AL)
\c@float@type=\count298
\float@exts=\toks26
\float@box=\box59
\@float@everytoks=\toks27
\@floatcapt=\box60
)
\c@minted@FancyVerbLineTemp=\count299
\@float@every@listing=\toks28
\c@listing=\count300
) (/usr/share/texmf-dist/tex/latex/titlesec/titlesec.sty
Package: titlesec 2025/01/04 v2.17 Sectioning titles
\ttl@box=\box61
\beforetitleunit=\skip66
\aftertitleunit=\skip67
\ttl@plus=\dimen163
\ttl@minus=\dimen164
\ttl@toksa=\toks29
\titlewidth=\dimen165
\titlewidthlast=\dimen166
\titlewidthfirst=\dimen167
) (/usr/share/texmf-dist/tex/latex/xcolor/xcolor.sty
Package: xcolor 2024/09/29 v3.02 LaTeX color extensions (UK)
 (/usr/share/texmf-dist/tex/latex/graphics-cfg/color.cfg
File: color.cfg 2016/01/02 v1.6 sample color configuration
)
Package xcolor Info: Driver file: pdftex.def on input line 274.
 (/usr/share/texmf-dist/tex/latex/graphics/mathcolor.ltx)
Package xcolor Info: Model `cmy' substituted by `cmy0' on input line 1349.
Package xcolor Info: Model `hsb' substituted by `rgb' on input line 1353.
Package xcolor Info: Model `RGB' extended on input line 1365.
Package xcolor Info: Model `HTML' substituted by `rgb' on input line 1367.
Package xcolor Info: Model `Hsb' substituted by `hsb' on input line 1368.
Package xcolor Info: Model `tHsb' substituted by `hsb' on input line 1369.
Package xcolor Info: Model `HSB' substituted by `hsb' on input line 1370.
Package xcolor Info: Model `Gray' substituted by `gray' on input line 1371.
Package xcolor Info: Model `wave' substituted by `hsb' on input line 1372.
) (/usr/share/texmf-dist/tex/latex/l3backend/l3backend-pdftex.def
File: l3backend-pdftex.def 2024-05-08 L3 backend support: PDF output (pdfTeX)
\l__color_backend_stack_int=\count301
\l__pdf_internal_box=\box62
) (./main.aux)
\openout1 = `main.aux'.

LaTeX Font Info:    Checking defaults for OML/cmm/m/it on input line 24.
LaTeX Font Info:    ... okay on input line 24.
LaTeX Font Info:    Checking defaults for OMS/cmsy/m/n on input line 24.
LaTeX Font Info:    ... okay on input line 24.
LaTeX Font Info:    Checking defaults for OT1/cmr/m/n on input line 24.
LaTeX Font Info:    ... okay on input line 24.
LaTeX Font Info:    Checking defaults for T1/cmr/m/n on input line 24.
LaTeX Font Info:    ... okay on input line 24.
LaTeX Font Info:    Checking defaults for TS1/cmr/m/n on input line 24.
LaTeX Font Info:    ... okay on input line 24.
LaTeX Font Info:    Checking defaults for OMX/cmex/m/n on input line 24.
LaTeX Font Info:    ... okay on input line 24.
LaTeX Font Info:    Checking defaults for U/cmr/m/n on input line 24.
LaTeX Font Info:    ... okay on input line 24.

*geometry* driver: auto-detecting
*geometry* detected driver: pdftex
*geometry* verbose mode - [ preamble ] result:
* driver: pdftex
* paper: a4paper
* layout: <same size as paper>
* layoutoffset:(h,v)=(0.0pt,0.0pt)
* modes: 
* h-part:(L,W,R)=(42.67912pt, 512.14963pt, 42.67912pt)
* v-part:(T,H,B)=(42.67912pt, 759.6886pt, 42.67912pt)
* \paperwidth=597.50787pt
* \paperheight=845.04684pt
* \textwidth=512.14963pt
* \textheight=759.6886pt
* \oddsidemargin=-29.59087pt
* \evensidemargin=-29.59087pt
* \topmargin=-66.59087pt
* \headheight=12.0pt
* \headsep=25.0pt
* \topskip=10.0pt
* \footskip=30.0pt
* \marginparwidth=57.0pt
* \marginparsep=11.0pt
* \columnsep=10.0pt
* \skip\footins=9.0pt plus 4.0pt minus 2.0pt
* \hoffset=0.0pt
* \voffset=0.0pt
* \mag=1000
* \@twocolumnfalse
* \@twosidefalse
* \@mparswitchfalse
* \@reversemarginfalse
* (1in=72.27pt=25.4mm, 1cm=28.453pt)

(/usr/share/texmf-dist/tex/context/base/mkii/supp-pdf.mkii
[Loading MPS to PDF converter (version 2006.09.02).]
\scratchcounter=\count302
\scratchdimen=\dimen168
\scratchbox=\box63
\nofMPsegments=\count303
\nofMParguments=\count304
\everyMPshowfont=\toks30
\MPscratchCnt=\count305
\MPscratchDim=\dimen169
\MPnumerator=\count306
\makeMPintoPDFobject=\count307
\everyMPtoPDFconversion=\toks31
) (/usr/share/texmf-dist/tex/latex/epstopdf-pkg/epstopdf-base.sty
Package: epstopdf-base 2020-01-24 v2.11 Base part for package epstopdf
Package epstopdf-base Info: Redefining graphics rule for `.eps' on input line 485.
 (/usr/share/texmf-dist/tex/latex/latexconfig/epstopdf-sys.cfg
File: epstopdf-sys.cfg 2010/07/13 v1.3 Configuration of (r)epstopdf for TeX Live
))
\pydata@fh@_FAD58DE7366495DB4650CFEFAC2FCD61.data.minted=\write4
\openout4 = `_FAD58DE7366495DB4650CFEFAC2FCD61.data.minted'.

runsystem(latexminted config  --timestamp 20251024155821 FAD58DE7366495DB4650CFEFAC2FCD61)...executed safely (allowed).

 (./_FAD58DE7366495DB4650CFEFAC2FCD61.config.minted)
runsystem(latexminted cleanconfig  --timestamp 20251024155821 FAD58DE7366495DB4650CFEFAC2FCD61)...executed safely (allowed).

 (./_minted/default.style.minted) (./_minted/26C30F5A69489AE0E8F3D4D9171D6693.highlight.minted
LaTeX Font Info:    Font shape `OT1/cmtt/bx/n' in size <8> not available
(Font)              Font shape `OT1/cmtt/m/n' tried instead on input line 3.
) (./_minted/E65285D7820FEEAE3583F4CA11A4C007.highlight.minted) (./_minted/6B0EB554D0A153B7059A40BB35F418BB.highlight.minted

<University-of-amsterdam-3012137660.jpg, id=1, 977.6525pt x 217.81375pt>
File: University-of-amsterdam-3012137660.jpg Graphic file (type jpg)
<use University-of-amsterdam-3012137660.jpg>
Package pdftex.def Info: University-of-amsterdam-3012137660.jpg  used on input line 2.
(pdftex.def)             Requested size: 153.2501pt x 34.14322pt.

Package fancyhdr Warning: \headheight is too small (12.0pt): 
(fancyhdr)                Make it at least 37.74326pt, for example:
(fancyhdr)                \setlength{\headheight}{37.74326pt}.
(fancyhdr)                You might also make \topmargin smaller:
(fancyhdr)                \addtolength{\topmargin}{-25.74326pt}.

[1{/var/lib/texmf/fonts/map/pdftex/updmap/pdftex.map}

 <./University-of-amsterdam-3012137660.jpg>]) (./_minted/03BDA9AD441360DBB35F870CFFA3A335.highlight.minted) (./_minted/EE783DEF90F0EFEC708444771C28AC0C.highlight.minted) (./_minted/5E814976345B114DB28E548BF65567CB.highlight.minted

File: University-of-amsterdam-3012137660.jpg Graphic file (type jpg)
<use University-of-amsterdam-3012137660.jpg>
Package pdftex.def Info: University-of-amsterdam-3012137660.jpg  used on input line 6.
(pdftex.def)             Requested size: 153.2501pt x 34.14322pt.

Package fancyhdr Warning: \headheight is too small (12.0pt): 
(fancyhdr)                Make it at least 37.74326pt, for example:
(fancyhdr)                \setlength{\headheight}{37.74326pt}.
(fancyhdr)                You might also make \topmargin smaller:
(fancyhdr)                \addtolength{\topmargin}{-25.74326pt}.

[2]) (./_minted/C589CE9BEF6729FDB4AFCDDAEE57957B.highlight.minted) (./_minted/DDDE3E9F9D9A5CA854797F94E9B2189C.highlight.minted) (./_minted/A76158EB24F08B7F2D440DE7AA67618D.highlight.minted) (./_minted/60696A7DF5A6E2697712E259FED673EE.highlight.minted

File: University-of-amsterdam-3012137660.jpg Graphic file (type jpg)
<use University-of-amsterdam-3012137660.jpg>
Package pdftex.def Info: University-of-amsterdam-3012137660.jpg  used on input line 9.
(pdftex.def)             Requested size: 153.2501pt x 34.14322pt.

Package fancyhdr Warning: \headheight is too small (12.0pt): 
(fancyhdr)                Make it at least 37.74326pt, for example:
(fancyhdr)                \setlength{\headheight}{37.74326pt}.
(fancyhdr)                You might also make \topmargin smaller:
(fancyhdr)                \addtolength{\topmargin}{-25.74326pt}.

[3]) (./_minted/BDE76998C023401EB62A13B0ED7E6161.highlight.minted) (./_minted/6AB174F78318EDF98161436D4D772DEB.highlight.minted) (./_minted/28337E579FCCF95A9C6733811DC33BF7.highlight.minted) (./_minted/AF4CE5217263339EC5184B99E9C4FAF9.highlight.minted

File: University-of-amsterdam-3012137660.jpg Graphic file (type jpg)
<use University-of-amsterdam-3012137660.jpg>
Package pdftex.def Info: University-of-amsterdam-3012137660.jpg  used on input line 2.
(pdftex.def)             Requested size: 153.2501pt x 34.14322pt.

Package fancyhdr Warning: \headheight is too small (12.0pt): 
(fancyhdr)                Make it at least 37.74326pt, for example:
(fancyhdr)                \setlength{\headheight}{37.74326pt}.
(fancyhdr)                You might also make \topmargin smaller:
(fancyhdr)                \addtolength{\topmargin}{-25.74326pt}.

[4]) (./_minted/7FA889F8FFA1AC0F45C3AAB5E55D7BDC.highlight.minted) (./_minted/26B3DA777542BF887F380CF4C61DAE2A.highlight.minted

File: University-of-amsterdam-3012137660.jpg Graphic file (type jpg)
<use University-of-amsterdam-3012137660.jpg>
Package pdftex.def Info: University-of-amsterdam-3012137660.jpg  used on input line 25.
(pdftex.def)             Requested size: 153.2501pt x 34.14322pt.

Package fancyhdr Warning: \headheight is too small (12.0pt): 
(fancyhdr)                Make it at least 37.74326pt, for example:
(fancyhdr)                \setlength{\headheight}{37.74326pt}.
(fancyhdr)                You might also make \topmargin smaller:
(fancyhdr)                \addtolength{\topmargin}{-25.74326pt}.

[5]) (./_minted/782A83290F4BD22507D697F982EDA6E0.highlight.minted) (./_minted/EAF347CED31216072B19DA2DA2623F58.highlight.minted) (./_minted/7713985014E27EA331082299CF92554B.highlight.minted

./_minted/7713985014E27EA331082299CF92554B.highlight.minted:2: LaTeX Error: Unicode character ≡ (U+2261)
               not set up for use with LaTeX.

See the LaTeX manual or LaTeX Companion for explanation.
Type  H <return>  for immediate help.
 ...                                              
                                                  
l.2 ...l i; assumes m[i] are pairwise coprime. */}
                                                  
You may provide a definition with
\DeclareUnicodeCharacter 


./_minted/7713985014E27EA331082299CF92554B.highlight.minted:2: LaTeX Error: Unicode character ≡ (U+2261)
               not set up for use with LaTeX.

See the LaTeX manual or LaTeX Companion for explanation.
Type  H <return>  for immediate help.
 ...                                              
                                                  
l.2 ...l i; assumes m[i] are pairwise coprime. */}
                                                  
You may provide a definition with
\DeclareUnicodeCharacter 



File: University-of-amsterdam-3012137660.jpg Graphic file (type jpg)
<use University-of-amsterdam-3012137660.jpg>
Package pdftex.def Info: University-of-amsterdam-3012137660.jpg  used on input line 2.
(pdftex.def)             Requested size: 153.2501pt x 34.14322pt.

Package fancyhdr Warning: \headheight is too small (12.0pt): 
(fancyhdr)                Make it at least 37.74326pt, for example:
(fancyhdr)                \setlength{\headheight}{37.74326pt}.
(fancyhdr)                You might also make \topmargin smaller:
(fancyhdr)                \addtolength{\topmargin}{-25.74326pt}.

[6]) (./_minted/F35555953FBFB0E867E229417D92C1E3.highlight.minted

./_minted/F35555953FBFB0E867E229417D92C1E3.highlight.minted:2: LaTeX Error: Unicode character ≡ (U+2261)
               not set up for use with LaTeX.

See the LaTeX manual or LaTeX Companion for explanation.
Type  H <return>  for immediate help.
 ...                                              
                                                  
l.2 ...YGZhy{}coprime m[i], returns \PYGZhy{}1 if}
                                                  
You may provide a definition with
\DeclareUnicodeCharacter 


./_minted/F35555953FBFB0E867E229417D92C1E3.highlight.minted:2: LaTeX Error: Unicode character ≡ (U+2261)
               not set up for use with LaTeX.

See the LaTeX manual or LaTeX Companion for explanation.
Type  H <return>  for immediate help.
 ...                                              
                                                  
l.2 ...YGZhy{}coprime m[i], returns \PYGZhy{}1 if}
                                                  
You may provide a definition with
\DeclareUnicodeCharacter 

) (./_minted/E272A08F17554A90AB8245FB7C1EA9CE.highlight.minted) (./_minted/EBD8EE5AA242172DED27191B15D2511B.highlight.minted) (./_minted/F648A4599CFAC229DC4EE8502C31C336.highlight.minted) (./_minted/F994994822269AC8AC7393FBEB032909.highlight.minted

File: University-of-amsterdam-3012137660.jpg Graphic file (type jpg)
<use University-of-amsterdam-3012137660.jpg>
Package pdftex.def Info: University-of-amsterdam-3012137660.jpg  used on input line 9.
(pdftex.def)             Requested size: 153.2501pt x 34.14322pt.

Package fancyhdr Warning: \headheight is too small (12.0pt): 
(fancyhdr)                Make it at least 37.74326pt, for example:
(fancyhdr)                \setlength{\headheight}{37.74326pt}.
(fancyhdr)                You might also make \topmargin smaller:
(fancyhdr)                \addtolength{\topmargin}{-25.74326pt}.

[7]) (./_minted/562278ACBD2C56A396B5A0A4A982285D.highlight.minted) (./_minted/B091965BE810885383244D6958DF2FF5.highlight.minted) (./_minted/D94F030319E8E1F0210DCFD35099347D.highlight.minted) (./_minted/EEC4496D4C21AE30347BEB18049B7551.highlight.minted) (./_minted/6CDB110C022BE179E083530089BD32EB.highlight.minted) (./_minted/44F59E2D9464A87FF2A6D3272098ABF1.highlight.minted) (./_minted/8EA236E4097BAB3F901CE1930CCED9AC.highlight.minted) (./_minted/5059E2D7030308B47284B3680BAC8C29.highlight.minted

File: University-of-amsterdam-3012137660.jpg Graphic file (type jpg)
<use University-of-amsterdam-3012137660.jpg>
Package pdftex.def Info: University-of-amsterdam-3012137660.jpg  used on input line 5.
(pdftex.def)             Requested size: 153.2501pt x 34.14322pt.

Package fancyhdr Warning: \headheight is too small (12.0pt): 
(fancyhdr)                Make it at least 37.74326pt, for example:
(fancyhdr)                \setlength{\headheight}{37.74326pt}.
(fancyhdr)                You might also make \topmargin smaller:
(fancyhdr)                \addtolength{\topmargin}{-25.74326pt}.

[8]) (./_minted/C66221E7A3CA46CA3829F2815DFF7CBB.highlight.minted) (./_minted/59B008F3855F5715A3ECCC330172D1DB.highlight.minted) (./_minted/92545993112DA66B75899AC1E975B4B1.highlight.minted) (./_minted/4223D64BA16C40941C675FB71D12292E.highlight.minted) (./_minted/E5F91CA48ADBC8F22B0D89CAAE7F5A21.highlight.minted) (./_minted/09BC2068E731C896B6EBE147A506F284.highlight.minted

File: University-of-amsterdam-3012137660.jpg Graphic file (type jpg)
<use University-of-amsterdam-3012137660.jpg>
Package pdftex.def Info: University-of-amsterdam-3012137660.jpg  used on input line 15.
(pdftex.def)             Requested size: 153.2501pt x 34.14322pt.

Package fancyhdr Warning: \headheight is too small (12.0pt): 
(fancyhdr)                Make it at least 37.74326pt, for example:
(fancyhdr)                \setlength{\headheight}{37.74326pt}.
(fancyhdr)                You might also make \topmargin smaller:
(fancyhdr)                \addtolength{\topmargin}{-25.74326pt}.

[9]) (./_minted/2512CBC0642B86F7898D04AC0FE49119.highlight.minted) (./_minted/0DF2CA0DE8BF7E22AD15125A00EBC1D3.highlight.minted) (./_minted/0ED5AF23A5022BDC89E8A61233A3DE03.highlight.minted)

File: University-of-amsterdam-3012137660.jpg Graphic file (type jpg)
<use University-of-amsterdam-3012137660.jpg>
Package pdftex.def Info: University-of-amsterdam-3012137660.jpg  used on input line 960.
(pdftex.def)             Requested size: 153.2501pt x 34.14322pt.

Package fancyhdr Warning: \headheight is too small (12.0pt): 
(fancyhdr)                Make it at least 37.74326pt, for example:
(fancyhdr)                \setlength{\headheight}{37.74326pt}.
(fancyhdr)                You might also make \topmargin smaller:
(fancyhdr)                \addtolength{\topmargin}{-25.74326pt}.

[10]
\openout4 = `_FAD58DE7366495DB4650CFEFAC2FCD61.data.minted'.

runsystem(latexminted clean  --timestamp 20251024155821 FAD58DE7366495DB4650CFEFAC2FCD61)...executed safely (allowed).

 (./main.aux)
 ***********
LaTeX2e <2024-11-01> patch level 2
L3 programming layer <2025-01-18>
 ***********
 ) 
Here is how much of TeX's memory you used:
 8536 strings out of 473190
 199432 string characters out of 5722593
 756396 words of memory out of 5000000
 31594 multiletter control sequences out of 15000+600000
 559472 words of font info for 39 fonts, out of 8000000 for 9000
 1141 hyphenation exceptions out of 8191
 85i,15n,93p,1107b,1064s stack positions out of 10000i,1000n,20000p,200000b,200000s
</usr/share/texmf-dist/fonts/type1/public/amsfonts/cm/cmitt10.pfb></usr/share/texmf-dist/fonts/type1/public/amsfonts/cm/cmr10.pfb></usr/share/texmf-dist/fonts/type1/public/amsfonts/cm/cmtt8.pfb>
Output written on main.pdf (10 pages, 127819 bytes).
PDF statistics:
 53 PDF objects out of 1000 (max. 8388607)
 33 compressed objects within 1 object stream
 0 named destinations out of 1000 (max. 500000)
 6 words of extra memory for PDF output out of 10000 (max. 10000000)

